Arguments: 
  C:\Program Files\nodejs\node.exe C:\Users\Josh\AppData\Roaming\npm\node_modules\yarn\bin\yarn.js add @babel/core @babel/node @babel/preset-env

PATH: 
  C:\Program Files (x86)\Common Files\Oracle\Java\javapath;C:\Windows\system32;C:\Windows;C:\Windows\System32\Wbem;C:\Windows\System32\WindowsPowerShell\v1.0\;C:\Windows\System32\OpenSSH\;C:\Program Files\nodejs\;C:\ProgramData\chocolatey\bin;C:\Program Files\Docker\Docker\resources\bin;C:\ProgramData\DockerDesktop\version-bin;C:\Program Files\Git\cmd;C:\xampp\php;C:\ProgramData\ComposerSetup\bin;C:\Windows\system32\config\systemprofile\AppData\Roaming\Composer\vendor\bin;C:\Users\Josh\AppData\Local\Programs\Python\Python38\Scripts\;C:\Users\Josh\AppData\Local\Programs\Python\Python38\;C:\Users\Josh\AppData\Local\Microsoft\WindowsApps;C:\Users\Josh\AppData\Roaming\npm;C:\Users\Josh\AppData\Local\Programs\Microsoft VS Code\bin;C:\Users\Josh\AppData\Local\atom\bin;C:\Users\Josh\AppData\Roaming\Composer\vendor\bin

Yarn version: 
  1.22.17

Node version: 
  14.17.5

Platform: 
  win32 x64

Trace: 
  Error: getaddrinfo ENOTFOUND registry.yarnpkg.com
      at GetAddrInfoReqWrap.onlookup [as oncomplete] (dns.js:69:26)

npm manifest: 
  {
    "name": "imageClasifier",
    "version": "1.0.0",
    "description": "",
    "main": "index.js",
    "scripts": {
      "test": "echo \"Error: no test specified\" && exit 1"
    },
    "keywords": [],
    "author": "",
    "license": "ISC"
  }

yarn manifest: 
  No manifest

Lockfile: 
  No lockfile
